2024-06-01 10:48:10 - Starting FitiMitiApplication using Java 17.0.11 with PID 2312 (C:\Main Files\Programming\PSK labs\GroupTask\target\classes started by BigDaddy in C:\Main Files\Programming\PSK labs\GroupTask)
2024-06-01 10:48:10 - No active profile set, falling back to 1 default profile: "default"
2024-06-01 10:48:12 - Multiple Spring Data modules found, entering strict repository configuration mode
2024-06-01 10:48:12 - Bootstrapping Spring Data JDBC repositories in DEFAULT mode.
2024-06-01 10:48:12 - Spring Data JDBC - Could not safely identify store assignment for repository candidate interface com.example.fitimiti.repositories.BodyWeightRepository; If you want this repository to be a JDBC repository, consider annotating your entities with one of these annotations: org.springframework.data.relational.core.mapping.Table.
2024-06-01 10:48:12 - Spring Data JDBC - Could not safely identify store assignment for repository candidate interface com.example.fitimiti.repositories.ExerciseRepository; If you want this repository to be a JDBC repository, consider annotating your entities with one of these annotations: org.springframework.data.relational.core.mapping.Table.
2024-06-01 10:48:12 - Spring Data JDBC - Could not safely identify store assignment for repository candidate interface com.example.fitimiti.repositories.MemberRepository; If you want this repository to be a JDBC repository, consider annotating your entities with one of these annotations: org.springframework.data.relational.core.mapping.Table.
2024-06-01 10:48:12 - Spring Data JDBC - Could not safely identify store assignment for repository candidate interface com.example.fitimiti.repositories.WorkoutExerciseRepository; If you want this repository to be a JDBC repository, consider annotating your entities with one of these annotations: org.springframework.data.relational.core.mapping.Table.
2024-06-01 10:48:12 - Spring Data JDBC - Could not safely identify store assignment for repository candidate interface com.example.fitimiti.repositories.WorkoutExerciseSetRepository; If you want this repository to be a JDBC repository, consider annotating your entities with one of these annotations: org.springframework.data.relational.core.mapping.Table.
2024-06-01 10:48:12 - Spring Data JDBC - Could not safely identify store assignment for repository candidate interface com.example.fitimiti.repositories.WorkoutRepository; If you want this repository to be a JDBC repository, consider annotating your entities with one of these annotations: org.springframework.data.relational.core.mapping.Table.
2024-06-01 10:48:12 - Finished Spring Data repository scanning in 68 ms. Found 0 JDBC repository interfaces.
2024-06-01 10:48:12 - Multiple Spring Data modules found, entering strict repository configuration mode
2024-06-01 10:48:12 - Bootstrapping Spring Data JPA repositories in DEFAULT mode.
2024-06-01 10:48:13 - Finished Spring Data repository scanning in 64 ms. Found 6 JPA repository interfaces.
2024-06-01 10:48:14 - Tomcat initialized with port 8080 (http)
2024-06-01 10:48:14 - Initializing ProtocolHandler ["http-nio-8080"]
2024-06-01 10:48:14 - Starting service [Tomcat]
2024-06-01 10:48:14 - Starting Servlet engine: [Apache Tomcat/10.1.20]
2024-06-01 10:48:14 - Initializing Spring embedded WebApplicationContext
2024-06-01 10:48:14 - Root WebApplicationContext: initialization completed in 3793 ms
2024-06-01 10:48:14 - HikariPool-1 - Starting...
2024-06-01 10:48:17 - HikariPool-1 - Added connection conn1: url=jdbc:h2:file:~/h2database/fitimitiDB user=SA
2024-06-01 10:48:17 - HikariPool-1 - Start completed.
2024-06-01 10:48:17 - H2 console available at '/h2-console'. Database available at 'jdbc:h2:file:~/h2database/fitimitiDB'
2024-06-01 10:48:17 - HHH000204: Processing PersistenceUnitInfo [name: default]
2024-06-01 10:48:18 - HHH000412: Hibernate ORM core version 6.4.4.Final
2024-06-01 10:48:18 - HHH000026: Second-level cache disabled
2024-06-01 10:48:18 - No LoadTimeWeaver setup: ignoring JPA class transformer
2024-06-01 10:48:18 - HHH90000025: H2Dialect does not need to be specified explicitly using 'hibernate.dialect' (remove the property setting and it will be selected by default)
2024-06-01 10:48:20 - HHH000489: No JTA platform available (set 'hibernate.transaction.jta.platform' to enable JTA platform integration)
2024-06-01 10:48:21 - Initialized JPA EntityManagerFactory for persistence unit 'default'
2024-06-01 10:48:22 - spring.jpa.open-in-view is enabled by default. Therefore, database queries may be performed during view rendering. Explicitly configure spring.jpa.open-in-view to disable this warning
2024-06-01 10:48:23 - Adding welcome page: class path resource [static/index.html]
2024-06-01 10:48:23 - Will secure any request with [org.springframework.security.web.session.DisableEncodeUrlFilter@50c99398, org.springframework.security.web.context.request.async.WebAsyncManagerIntegrationFilter@cc4a0dd, org.springframework.security.web.context.SecurityContextHolderFilter@2357f000, org.springframework.security.web.header.HeaderWriterFilter@5a097a83, org.springframework.web.filter.CorsFilter@159e9629, org.springframework.security.web.csrf.CsrfFilter@179e8859, org.springframework.security.web.authentication.logout.LogoutFilter@31b827a6, org.springframework.security.oauth2.client.web.OAuth2AuthorizationRequestRedirectFilter@63893cf6, org.springframework.security.oauth2.client.web.OAuth2LoginAuthenticationFilter@20673498, org.springframework.security.web.authentication.ui.DefaultLoginPageGeneratingFilter@25df95b, org.springframework.security.web.authentication.ui.DefaultLogoutPageGeneratingFilter@4f78adf, org.springframework.security.web.savedrequest.RequestCacheAwareFilter@6124a7c0, org.springframework.security.web.servletapi.SecurityContextHolderAwareRequestFilter@77a13162, org.springframework.security.web.authentication.AnonymousAuthenticationFilter@183e8c8a, org.springframework.security.web.access.ExceptionTranslationFilter@267d9cc0, org.springframework.security.web.access.intercept.AuthorizationFilter@539570b8]
2024-06-01 10:48:25 - Starting ProtocolHandler ["http-nio-8080"]
2024-06-01 10:48:25 - Tomcat started on port 8080 (http) with context path ''
2024-06-01 10:48:25 - Started FitiMitiApplication in 15.525 seconds (process running for 17.812)
2024-06-01 10:48:30 - Initializing Spring DispatcherServlet 'dispatcherServlet'
2024-06-01 10:48:30 - Initializing Servlet 'dispatcherServlet'
2024-06-01 10:48:30 - Completed initialization in 3 ms
2024-06-01 10:48:39 - User: Name: [109705015176206177869], Granted Authorities: [[OIDC_USER, SCOPE_https://www.googleapis.com/auth/userinfo.email, SCOPE_https://www.googleapis.com/auth/userinfo.profile, SCOPE_openid]], User Attributes: [{at_hash=xsbtaIkvHbJprmykqH1orQ, sub=109705015176206177869, email_verified=true, iss=https://accounts.google.com, given_name=netavo, nonce=s7f_RCD-YKiCXNEwLdrXATIP8wM8kf3ieW_Fc2pWvcQ, picture=https://lh3.googleusercontent.com/a/ACg8ocKM2dpd7U-NLKk_Hx6gnO4IvwuPfIwoZkXprznW_12OYmp_zA=s96-c, aud=[979738379904-osklkodlgslb91bvkbnrvmeh3g0gtou2.apps.googleusercontent.com], azp=979738379904-osklkodlgslb91bvkbnrvmeh3g0gtou2.apps.googleusercontent.com, name=netavo reikalas, exp=2024-06-01T08:48:42Z, family_name=reikalas, iat=2024-06-01T07:48:42Z, email=sukkairen8mylios@gmail.com}], Method: MemberService.getMemberByEmail(..), Time: 2024-06-01T10:48:39.979751300, Action: Executing
2024-06-01 10:48:40 - User: Name: [109705015176206177869], Granted Authorities: [[OIDC_USER, SCOPE_https://www.googleapis.com/auth/userinfo.email, SCOPE_https://www.googleapis.com/auth/userinfo.profile, SCOPE_openid]], User Attributes: [{at_hash=xsbtaIkvHbJprmykqH1orQ, sub=109705015176206177869, email_verified=true, iss=https://accounts.google.com, given_name=netavo, nonce=s7f_RCD-YKiCXNEwLdrXATIP8wM8kf3ieW_Fc2pWvcQ, picture=https://lh3.googleusercontent.com/a/ACg8ocKM2dpd7U-NLKk_Hx6gnO4IvwuPfIwoZkXprznW_12OYmp_zA=s96-c, aud=[979738379904-osklkodlgslb91bvkbnrvmeh3g0gtou2.apps.googleusercontent.com], azp=979738379904-osklkodlgslb91bvkbnrvmeh3g0gtou2.apps.googleusercontent.com, name=netavo reikalas, exp=2024-06-01T08:48:42Z, family_name=reikalas, iat=2024-06-01T07:48:42Z, email=sukkairen8mylios@gmail.com}], Method: MemberService.getMemberByEmail(..), Time: 2024-06-01T10:48:40.255965600, Action: Completed
2024-06-01 10:48:56 - User: Name: [109705015176206177869], Granted Authorities: [[OIDC_USER, SCOPE_https://www.googleapis.com/auth/userinfo.email, SCOPE_https://www.googleapis.com/auth/userinfo.profile, SCOPE_openid]], User Attributes: [{at_hash=xsbtaIkvHbJprmykqH1orQ, sub=109705015176206177869, email_verified=true, iss=https://accounts.google.com, given_name=netavo, nonce=s7f_RCD-YKiCXNEwLdrXATIP8wM8kf3ieW_Fc2pWvcQ, picture=https://lh3.googleusercontent.com/a/ACg8ocKM2dpd7U-NLKk_Hx6gnO4IvwuPfIwoZkXprznW_12OYmp_zA=s96-c, aud=[979738379904-osklkodlgslb91bvkbnrvmeh3g0gtou2.apps.googleusercontent.com], azp=979738379904-osklkodlgslb91bvkbnrvmeh3g0gtou2.apps.googleusercontent.com, name=netavo reikalas, exp=2024-06-01T08:48:42Z, family_name=reikalas, iat=2024-06-01T07:48:42Z, email=sukkairen8mylios@gmail.com}], Method: MemberService.getMemberByEmail(..), Time: 2024-06-01T10:48:56.715358800, Action: Executing
2024-06-01 10:48:56 - User: Name: [109705015176206177869], Granted Authorities: [[OIDC_USER, SCOPE_https://www.googleapis.com/auth/userinfo.email, SCOPE_https://www.googleapis.com/auth/userinfo.profile, SCOPE_openid]], User Attributes: [{at_hash=xsbtaIkvHbJprmykqH1orQ, sub=109705015176206177869, email_verified=true, iss=https://accounts.google.com, given_name=netavo, nonce=s7f_RCD-YKiCXNEwLdrXATIP8wM8kf3ieW_Fc2pWvcQ, picture=https://lh3.googleusercontent.com/a/ACg8ocKM2dpd7U-NLKk_Hx6gnO4IvwuPfIwoZkXprznW_12OYmp_zA=s96-c, aud=[979738379904-osklkodlgslb91bvkbnrvmeh3g0gtou2.apps.googleusercontent.com], azp=979738379904-osklkodlgslb91bvkbnrvmeh3g0gtou2.apps.googleusercontent.com, name=netavo reikalas, exp=2024-06-01T08:48:42Z, family_name=reikalas, iat=2024-06-01T07:48:42Z, email=sukkairen8mylios@gmail.com}], Method: MemberService.getMemberByEmail(..), Time: 2024-06-01T10:48:56.720380, Action: Completed
2024-06-01 10:48:56 - User: Name: [109705015176206177869], Granted Authorities: [[OIDC_USER, SCOPE_https://www.googleapis.com/auth/userinfo.email, SCOPE_https://www.googleapis.com/auth/userinfo.profile, SCOPE_openid]], User Attributes: [{at_hash=xsbtaIkvHbJprmykqH1orQ, sub=109705015176206177869, email_verified=true, iss=https://accounts.google.com, given_name=netavo, nonce=s7f_RCD-YKiCXNEwLdrXATIP8wM8kf3ieW_Fc2pWvcQ, picture=https://lh3.googleusercontent.com/a/ACg8ocKM2dpd7U-NLKk_Hx6gnO4IvwuPfIwoZkXprznW_12OYmp_zA=s96-c, aud=[979738379904-osklkodlgslb91bvkbnrvmeh3g0gtou2.apps.googleusercontent.com], azp=979738379904-osklkodlgslb91bvkbnrvmeh3g0gtou2.apps.googleusercontent.com, name=netavo reikalas, exp=2024-06-01T08:48:42Z, family_name=reikalas, iat=2024-06-01T07:48:42Z, email=sukkairen8mylios@gmail.com}], Method: BodyWeightService.getBodyWeightByMemberId(..), Time: 2024-06-01T10:48:56.720380, Action: Executing
2024-06-01 10:48:56 - User: Name: [109705015176206177869], Granted Authorities: [[OIDC_USER, SCOPE_https://www.googleapis.com/auth/userinfo.email, SCOPE_https://www.googleapis.com/auth/userinfo.profile, SCOPE_openid]], User Attributes: [{at_hash=xsbtaIkvHbJprmykqH1orQ, sub=109705015176206177869, email_verified=true, iss=https://accounts.google.com, given_name=netavo, nonce=s7f_RCD-YKiCXNEwLdrXATIP8wM8kf3ieW_Fc2pWvcQ, picture=https://lh3.googleusercontent.com/a/ACg8ocKM2dpd7U-NLKk_Hx6gnO4IvwuPfIwoZkXprznW_12OYmp_zA=s96-c, aud=[979738379904-osklkodlgslb91bvkbnrvmeh3g0gtou2.apps.googleusercontent.com], azp=979738379904-osklkodlgslb91bvkbnrvmeh3g0gtou2.apps.googleusercontent.com, name=netavo reikalas, exp=2024-06-01T08:48:42Z, family_name=reikalas, iat=2024-06-01T07:48:42Z, email=sukkairen8mylios@gmail.com}], Method: BodyWeightService.getBodyWeightByMemberId(..), Time: 2024-06-01T10:48:56.741939800, Action: Completed
2024-06-01 10:48:56 - User: Name: [109705015176206177869], Granted Authorities: [[OIDC_USER, SCOPE_https://www.googleapis.com/auth/userinfo.email, SCOPE_https://www.googleapis.com/auth/userinfo.profile, SCOPE_openid]], User Attributes: [{at_hash=xsbtaIkvHbJprmykqH1orQ, sub=109705015176206177869, email_verified=true, iss=https://accounts.google.com, given_name=netavo, nonce=s7f_RCD-YKiCXNEwLdrXATIP8wM8kf3ieW_Fc2pWvcQ, picture=https://lh3.googleusercontent.com/a/ACg8ocKM2dpd7U-NLKk_Hx6gnO4IvwuPfIwoZkXprznW_12OYmp_zA=s96-c, aud=[979738379904-osklkodlgslb91bvkbnrvmeh3g0gtou2.apps.googleusercontent.com], azp=979738379904-osklkodlgslb91bvkbnrvmeh3g0gtou2.apps.googleusercontent.com, name=netavo reikalas, exp=2024-06-01T08:48:42Z, family_name=reikalas, iat=2024-06-01T07:48:42Z, email=sukkairen8mylios@gmail.com}], Method: MemberService.getMemberByEmail(..), Time: 2024-06-01T10:48:56.999944200, Action: Executing
2024-06-01 10:48:57 - User: Name: [109705015176206177869], Granted Authorities: [[OIDC_USER, SCOPE_https://www.googleapis.com/auth/userinfo.email, SCOPE_https://www.googleapis.com/auth/userinfo.profile, SCOPE_openid]], User Attributes: [{at_hash=xsbtaIkvHbJprmykqH1orQ, sub=109705015176206177869, email_verified=true, iss=https://accounts.google.com, given_name=netavo, nonce=s7f_RCD-YKiCXNEwLdrXATIP8wM8kf3ieW_Fc2pWvcQ, picture=https://lh3.googleusercontent.com/a/ACg8ocKM2dpd7U-NLKk_Hx6gnO4IvwuPfIwoZkXprznW_12OYmp_zA=s96-c, aud=[979738379904-osklkodlgslb91bvkbnrvmeh3g0gtou2.apps.googleusercontent.com], azp=979738379904-osklkodlgslb91bvkbnrvmeh3g0gtou2.apps.googleusercontent.com, name=netavo reikalas, exp=2024-06-01T08:48:42Z, family_name=reikalas, iat=2024-06-01T07:48:42Z, email=sukkairen8mylios@gmail.com}], Method: MemberService.getMemberByEmail(..), Time: 2024-06-01T10:48:57.005187200, Action: Completed
2024-06-01 10:48:57 - Servlet.service() for servlet [dispatcherServlet] in context with path [] threw exception [Request processing failed: java.util.concurrent.CompletionException: java.lang.NullPointerException: Cannot invoke "org.springframework.security.core.Authentication.getPrincipal()" because the return value of "org.springframework.security.core.context.SecurityContext.getAuthentication()" is null] with root cause
java.lang.NullPointerException: Cannot invoke "org.springframework.security.core.Authentication.getPrincipal()" because the return value of "org.springframework.security.core.context.SecurityContext.getAuthentication()" is null
	at com.example.fitimiti.aspects.LoggingAspect.getUsername(LoggingAspect.java:40)
	at com.example.fitimiti.aspects.LoggingAspect.logBeforeMethodExecution(LoggingAspect.java:23)
	at java.base/jdk.internal.reflect.NativeMethodAccessorImpl.invoke0(Native Method)
	at java.base/jdk.internal.reflect.NativeMethodAccessorImpl.invoke(NativeMethodAccessorImpl.java:77)
	at java.base/jdk.internal.reflect.DelegatingMethodAccessorImpl.invoke(DelegatingMethodAccessorImpl.java:43)
	at java.base/java.lang.reflect.Method.invoke(Method.java:568)
	at org.springframework.aop.aspectj.AbstractAspectJAdvice.invokeAdviceMethodWithGivenArgs(AbstractAspectJAdvice.java:637)
	at org.springframework.aop.aspectj.AbstractAspectJAdvice.invokeAdviceMethod(AbstractAspectJAdvice.java:620)
	at org.springframework.aop.aspectj.AspectJMethodBeforeAdvice.before(AspectJMethodBeforeAdvice.java:44)
	at org.springframework.aop.framework.adapter.MethodBeforeAdviceInterceptor.invoke(MethodBeforeAdviceInterceptor.java:57)
	at org.springframework.aop.framework.ReflectiveMethodInvocation.proceed(ReflectiveMethodInvocation.java:184)
	at org.springframework.aop.framework.CglibAopProxy$CglibMethodInvocation.proceed(CglibAopProxy.java:768)
	at org.springframework.aop.interceptor.ExposeInvocationInterceptor.invoke(ExposeInvocationInterceptor.java:97)
	at org.springframework.aop.framework.ReflectiveMethodInvocation.proceed(ReflectiveMethodInvocation.java:184)
	at org.springframework.aop.framework.CglibAopProxy$CglibMethodInvocation.proceed(CglibAopProxy.java:768)
	at org.springframework.aop.interceptor.AsyncExecutionInterceptor.lambda$invoke$0(AsyncExecutionInterceptor.java:113)
	at org.springframework.util.concurrent.FutureUtils.lambda$toSupplier$0(FutureUtils.java:74)
	at java.base/java.util.concurrent.CompletableFuture$AsyncSupply.run(CompletableFuture.java:1768)
	at java.base/java.util.concurrent.ThreadPoolExecutor.runWorker(ThreadPoolExecutor.java:1136)
	at java.base/java.util.concurrent.ThreadPoolExecutor$Worker.run(ThreadPoolExecutor.java:635)
	at java.base/java.lang.Thread.run(Thread.java:842)
2024-06-01 10:49:04 - User: Name: [109705015176206177869], Granted Authorities: [[OIDC_USER, SCOPE_https://www.googleapis.com/auth/userinfo.email, SCOPE_https://www.googleapis.com/auth/userinfo.profile, SCOPE_openid]], User Attributes: [{at_hash=xsbtaIkvHbJprmykqH1orQ, sub=109705015176206177869, email_verified=true, iss=https://accounts.google.com, given_name=netavo, nonce=s7f_RCD-YKiCXNEwLdrXATIP8wM8kf3ieW_Fc2pWvcQ, picture=https://lh3.googleusercontent.com/a/ACg8ocKM2dpd7U-NLKk_Hx6gnO4IvwuPfIwoZkXprznW_12OYmp_zA=s96-c, aud=[979738379904-osklkodlgslb91bvkbnrvmeh3g0gtou2.apps.googleusercontent.com], azp=979738379904-osklkodlgslb91bvkbnrvmeh3g0gtou2.apps.googleusercontent.com, name=netavo reikalas, exp=2024-06-01T08:48:42Z, family_name=reikalas, iat=2024-06-01T07:48:42Z, email=sukkairen8mylios@gmail.com}], Method: MemberService.getMemberByEmail(..), Time: 2024-06-01T10:49:04.725621800, Action: Executing
2024-06-01 10:49:04 - User: Name: [109705015176206177869], Granted Authorities: [[OIDC_USER, SCOPE_https://www.googleapis.com/auth/userinfo.email, SCOPE_https://www.googleapis.com/auth/userinfo.profile, SCOPE_openid]], User Attributes: [{at_hash=xsbtaIkvHbJprmykqH1orQ, sub=109705015176206177869, email_verified=true, iss=https://accounts.google.com, given_name=netavo, nonce=s7f_RCD-YKiCXNEwLdrXATIP8wM8kf3ieW_Fc2pWvcQ, picture=https://lh3.googleusercontent.com/a/ACg8ocKM2dpd7U-NLKk_Hx6gnO4IvwuPfIwoZkXprznW_12OYmp_zA=s96-c, aud=[979738379904-osklkodlgslb91bvkbnrvmeh3g0gtou2.apps.googleusercontent.com], azp=979738379904-osklkodlgslb91bvkbnrvmeh3g0gtou2.apps.googleusercontent.com, name=netavo reikalas, exp=2024-06-01T08:48:42Z, family_name=reikalas, iat=2024-06-01T07:48:42Z, email=sukkairen8mylios@gmail.com}], Method: MemberService.getMemberByEmail(..), Time: 2024-06-01T10:49:04.729660300, Action: Completed
2024-06-01 10:49:04 - Servlet.service() for servlet [dispatcherServlet] in context with path [] threw exception [Request processing failed: java.util.concurrent.CompletionException: java.lang.NullPointerException: Cannot invoke "org.springframework.security.core.Authentication.getPrincipal()" because the return value of "org.springframework.security.core.context.SecurityContext.getAuthentication()" is null] with root cause
java.lang.NullPointerException: Cannot invoke "org.springframework.security.core.Authentication.getPrincipal()" because the return value of "org.springframework.security.core.context.SecurityContext.getAuthentication()" is null
	at com.example.fitimiti.aspects.LoggingAspect.getUsername(LoggingAspect.java:40)
	at com.example.fitimiti.aspects.LoggingAspect.logBeforeMethodExecution(LoggingAspect.java:23)
	at java.base/jdk.internal.reflect.NativeMethodAccessorImpl.invoke0(Native Method)
	at java.base/jdk.internal.reflect.NativeMethodAccessorImpl.invoke(NativeMethodAccessorImpl.java:77)
	at java.base/jdk.internal.reflect.DelegatingMethodAccessorImpl.invoke(DelegatingMethodAccessorImpl.java:43)
	at java.base/java.lang.reflect.Method.invoke(Method.java:568)
	at org.springframework.aop.aspectj.AbstractAspectJAdvice.invokeAdviceMethodWithGivenArgs(AbstractAspectJAdvice.java:637)
	at org.springframework.aop.aspectj.AbstractAspectJAdvice.invokeAdviceMethod(AbstractAspectJAdvice.java:620)
	at org.springframework.aop.aspectj.AspectJMethodBeforeAdvice.before(AspectJMethodBeforeAdvice.java:44)
	at org.springframework.aop.framework.adapter.MethodBeforeAdviceInterceptor.invoke(MethodBeforeAdviceInterceptor.java:57)
	at org.springframework.aop.framework.ReflectiveMethodInvocation.proceed(ReflectiveMethodInvocation.java:184)
	at org.springframework.aop.framework.CglibAopProxy$CglibMethodInvocation.proceed(CglibAopProxy.java:768)
	at org.springframework.aop.interceptor.ExposeInvocationInterceptor.invoke(ExposeInvocationInterceptor.java:97)
	at org.springframework.aop.framework.ReflectiveMethodInvocation.proceed(ReflectiveMethodInvocation.java:184)
	at org.springframework.aop.framework.CglibAopProxy$CglibMethodInvocation.proceed(CglibAopProxy.java:768)
	at org.springframework.aop.interceptor.AsyncExecutionInterceptor.lambda$invoke$0(AsyncExecutionInterceptor.java:113)
	at org.springframework.util.concurrent.FutureUtils.lambda$toSupplier$0(FutureUtils.java:74)
	at java.base/java.util.concurrent.CompletableFuture$AsyncSupply.run(CompletableFuture.java:1768)
	at java.base/java.util.concurrent.ThreadPoolExecutor.runWorker(ThreadPoolExecutor.java:1136)
	at java.base/java.util.concurrent.ThreadPoolExecutor$Worker.run(ThreadPoolExecutor.java:635)
	at java.base/java.lang.Thread.run(Thread.java:842)
2024-06-01 10:49:53 - User: Name: [109705015176206177869], Granted Authorities: [[OIDC_USER, SCOPE_https://www.googleapis.com/auth/userinfo.email, SCOPE_https://www.googleapis.com/auth/userinfo.profile, SCOPE_openid]], User Attributes: [{at_hash=xsbtaIkvHbJprmykqH1orQ, sub=109705015176206177869, email_verified=true, iss=https://accounts.google.com, given_name=netavo, nonce=s7f_RCD-YKiCXNEwLdrXATIP8wM8kf3ieW_Fc2pWvcQ, picture=https://lh3.googleusercontent.com/a/ACg8ocKM2dpd7U-NLKk_Hx6gnO4IvwuPfIwoZkXprznW_12OYmp_zA=s96-c, aud=[979738379904-osklkodlgslb91bvkbnrvmeh3g0gtou2.apps.googleusercontent.com], azp=979738379904-osklkodlgslb91bvkbnrvmeh3g0gtou2.apps.googleusercontent.com, name=netavo reikalas, exp=2024-06-01T08:48:42Z, family_name=reikalas, iat=2024-06-01T07:48:42Z, email=sukkairen8mylios@gmail.com}], Method: MemberService.getMemberByEmail(..), Time: 2024-06-01T10:49:53.599085300, Action: Executing
2024-06-01 10:49:53 - User: Name: [109705015176206177869], Granted Authorities: [[OIDC_USER, SCOPE_https://www.googleapis.com/auth/userinfo.email, SCOPE_https://www.googleapis.com/auth/userinfo.profile, SCOPE_openid]], User Attributes: [{at_hash=xsbtaIkvHbJprmykqH1orQ, sub=109705015176206177869, email_verified=true, iss=https://accounts.google.com, given_name=netavo, nonce=s7f_RCD-YKiCXNEwLdrXATIP8wM8kf3ieW_Fc2pWvcQ, picture=https://lh3.googleusercontent.com/a/ACg8ocKM2dpd7U-NLKk_Hx6gnO4IvwuPfIwoZkXprznW_12OYmp_zA=s96-c, aud=[979738379904-osklkodlgslb91bvkbnrvmeh3g0gtou2.apps.googleusercontent.com], azp=979738379904-osklkodlgslb91bvkbnrvmeh3g0gtou2.apps.googleusercontent.com, name=netavo reikalas, exp=2024-06-01T08:48:42Z, family_name=reikalas, iat=2024-06-01T07:48:42Z, email=sukkairen8mylios@gmail.com}], Method: MemberService.getMemberByEmail(..), Time: 2024-06-01T10:49:53.607210900, Action: Completed
2024-06-01 10:49:53 - User: Name: [109705015176206177869], Granted Authorities: [[OIDC_USER, SCOPE_https://www.googleapis.com/auth/userinfo.email, SCOPE_https://www.googleapis.com/auth/userinfo.profile, SCOPE_openid]], User Attributes: [{at_hash=xsbtaIkvHbJprmykqH1orQ, sub=109705015176206177869, email_verified=true, iss=https://accounts.google.com, given_name=netavo, nonce=s7f_RCD-YKiCXNEwLdrXATIP8wM8kf3ieW_Fc2pWvcQ, picture=https://lh3.googleusercontent.com/a/ACg8ocKM2dpd7U-NLKk_Hx6gnO4IvwuPfIwoZkXprznW_12OYmp_zA=s96-c, aud=[979738379904-osklkodlgslb91bvkbnrvmeh3g0gtou2.apps.googleusercontent.com], azp=979738379904-osklkodlgslb91bvkbnrvmeh3g0gtou2.apps.googleusercontent.com, name=netavo reikalas, exp=2024-06-01T08:48:42Z, family_name=reikalas, iat=2024-06-01T07:48:42Z, email=sukkairen8mylios@gmail.com}], Method: BodyWeightService.addWeight(..), Time: 2024-06-01T10:49:53.615349500, Action: Executing
2024-06-01 10:49:53 - User: Name: [109705015176206177869], Granted Authorities: [[OIDC_USER, SCOPE_https://www.googleapis.com/auth/userinfo.email, SCOPE_https://www.googleapis.com/auth/userinfo.profile, SCOPE_openid]], User Attributes: [{at_hash=xsbtaIkvHbJprmykqH1orQ, sub=109705015176206177869, email_verified=true, iss=https://accounts.google.com, given_name=netavo, nonce=s7f_RCD-YKiCXNEwLdrXATIP8wM8kf3ieW_Fc2pWvcQ, picture=https://lh3.googleusercontent.com/a/ACg8ocKM2dpd7U-NLKk_Hx6gnO4IvwuPfIwoZkXprznW_12OYmp_zA=s96-c, aud=[979738379904-osklkodlgslb91bvkbnrvmeh3g0gtou2.apps.googleusercontent.com], azp=979738379904-osklkodlgslb91bvkbnrvmeh3g0gtou2.apps.googleusercontent.com, name=netavo reikalas, exp=2024-06-01T08:48:42Z, family_name=reikalas, iat=2024-06-01T07:48:42Z, email=sukkairen8mylios@gmail.com}], Method: BodyWeightService.addWeight(..), Time: 2024-06-01T10:49:53.673931100, Action: Completed
2024-06-01 10:49:53 - User: Name: [109705015176206177869], Granted Authorities: [[OIDC_USER, SCOPE_https://www.googleapis.com/auth/userinfo.email, SCOPE_https://www.googleapis.com/auth/userinfo.profile, SCOPE_openid]], User Attributes: [{at_hash=xsbtaIkvHbJprmykqH1orQ, sub=109705015176206177869, email_verified=true, iss=https://accounts.google.com, given_name=netavo, nonce=s7f_RCD-YKiCXNEwLdrXATIP8wM8kf3ieW_Fc2pWvcQ, picture=https://lh3.googleusercontent.com/a/ACg8ocKM2dpd7U-NLKk_Hx6gnO4IvwuPfIwoZkXprznW_12OYmp_zA=s96-c, aud=[979738379904-osklkodlgslb91bvkbnrvmeh3g0gtou2.apps.googleusercontent.com], azp=979738379904-osklkodlgslb91bvkbnrvmeh3g0gtou2.apps.googleusercontent.com, name=netavo reikalas, exp=2024-06-01T08:48:42Z, family_name=reikalas, iat=2024-06-01T07:48:42Z, email=sukkairen8mylios@gmail.com}], Method: MemberService.getMemberByEmail(..), Time: 2024-06-01T10:49:53.696872800, Action: Executing
2024-06-01 10:49:53 - User: Name: [109705015176206177869], Granted Authorities: [[OIDC_USER, SCOPE_https://www.googleapis.com/auth/userinfo.email, SCOPE_https://www.googleapis.com/auth/userinfo.profile, SCOPE_openid]], User Attributes: [{at_hash=xsbtaIkvHbJprmykqH1orQ, sub=109705015176206177869, email_verified=true, iss=https://accounts.google.com, given_name=netavo, nonce=s7f_RCD-YKiCXNEwLdrXATIP8wM8kf3ieW_Fc2pWvcQ, picture=https://lh3.googleusercontent.com/a/ACg8ocKM2dpd7U-NLKk_Hx6gnO4IvwuPfIwoZkXprznW_12OYmp_zA=s96-c, aud=[979738379904-osklkodlgslb91bvkbnrvmeh3g0gtou2.apps.googleusercontent.com], azp=979738379904-osklkodlgslb91bvkbnrvmeh3g0gtou2.apps.googleusercontent.com, name=netavo reikalas, exp=2024-06-01T08:48:42Z, family_name=reikalas, iat=2024-06-01T07:48:42Z, email=sukkairen8mylios@gmail.com}], Method: MemberService.getMemberByEmail(..), Time: 2024-06-01T10:49:53.707055700, Action: Completed
2024-06-01 10:49:53 - User: Name: [109705015176206177869], Granted Authorities: [[OIDC_USER, SCOPE_https://www.googleapis.com/auth/userinfo.email, SCOPE_https://www.googleapis.com/auth/userinfo.profile, SCOPE_openid]], User Attributes: [{at_hash=xsbtaIkvHbJprmykqH1orQ, sub=109705015176206177869, email_verified=true, iss=https://accounts.google.com, given_name=netavo, nonce=s7f_RCD-YKiCXNEwLdrXATIP8wM8kf3ieW_Fc2pWvcQ, picture=https://lh3.googleusercontent.com/a/ACg8ocKM2dpd7U-NLKk_Hx6gnO4IvwuPfIwoZkXprznW_12OYmp_zA=s96-c, aud=[979738379904-osklkodlgslb91bvkbnrvmeh3g0gtou2.apps.googleusercontent.com], azp=979738379904-osklkodlgslb91bvkbnrvmeh3g0gtou2.apps.googleusercontent.com, name=netavo reikalas, exp=2024-06-01T08:48:42Z, family_name=reikalas, iat=2024-06-01T07:48:42Z, email=sukkairen8mylios@gmail.com}], Method: BodyWeightService.getBodyWeightByMemberId(..), Time: 2024-06-01T10:49:53.707055700, Action: Executing
2024-06-01 10:49:53 - User: Name: [109705015176206177869], Granted Authorities: [[OIDC_USER, SCOPE_https://www.googleapis.com/auth/userinfo.email, SCOPE_https://www.googleapis.com/auth/userinfo.profile, SCOPE_openid]], User Attributes: [{at_hash=xsbtaIkvHbJprmykqH1orQ, sub=109705015176206177869, email_verified=true, iss=https://accounts.google.com, given_name=netavo, nonce=s7f_RCD-YKiCXNEwLdrXATIP8wM8kf3ieW_Fc2pWvcQ, picture=https://lh3.googleusercontent.com/a/ACg8ocKM2dpd7U-NLKk_Hx6gnO4IvwuPfIwoZkXprznW_12OYmp_zA=s96-c, aud=[979738379904-osklkodlgslb91bvkbnrvmeh3g0gtou2.apps.googleusercontent.com], azp=979738379904-osklkodlgslb91bvkbnrvmeh3g0gtou2.apps.googleusercontent.com, name=netavo reikalas, exp=2024-06-01T08:48:42Z, family_name=reikalas, iat=2024-06-01T07:48:42Z, email=sukkairen8mylios@gmail.com}], Method: BodyWeightService.getBodyWeightByMemberId(..), Time: 2024-06-01T10:49:53.707055700, Action: Completed
2024-06-01 10:49:53 - User: Name: [109705015176206177869], Granted Authorities: [[OIDC_USER, SCOPE_https://www.googleapis.com/auth/userinfo.email, SCOPE_https://www.googleapis.com/auth/userinfo.profile, SCOPE_openid]], User Attributes: [{at_hash=xsbtaIkvHbJprmykqH1orQ, sub=109705015176206177869, email_verified=true, iss=https://accounts.google.com, given_name=netavo, nonce=s7f_RCD-YKiCXNEwLdrXATIP8wM8kf3ieW_Fc2pWvcQ, picture=https://lh3.googleusercontent.com/a/ACg8ocKM2dpd7U-NLKk_Hx6gnO4IvwuPfIwoZkXprznW_12OYmp_zA=s96-c, aud=[979738379904-osklkodlgslb91bvkbnrvmeh3g0gtou2.apps.googleusercontent.com], azp=979738379904-osklkodlgslb91bvkbnrvmeh3g0gtou2.apps.googleusercontent.com, name=netavo reikalas, exp=2024-06-01T08:48:42Z, family_name=reikalas, iat=2024-06-01T07:48:42Z, email=sukkairen8mylios@gmail.com}], Method: MemberService.getMemberByEmail(..), Time: 2024-06-01T10:49:53.811471200, Action: Executing
2024-06-01 10:49:53 - User: Name: [109705015176206177869], Granted Authorities: [[OIDC_USER, SCOPE_https://www.googleapis.com/auth/userinfo.email, SCOPE_https://www.googleapis.com/auth/userinfo.profile, SCOPE_openid]], User Attributes: [{at_hash=xsbtaIkvHbJprmykqH1orQ, sub=109705015176206177869, email_verified=true, iss=https://accounts.google.com, given_name=netavo, nonce=s7f_RCD-YKiCXNEwLdrXATIP8wM8kf3ieW_Fc2pWvcQ, picture=https://lh3.googleusercontent.com/a/ACg8ocKM2dpd7U-NLKk_Hx6gnO4IvwuPfIwoZkXprznW_12OYmp_zA=s96-c, aud=[979738379904-osklkodlgslb91bvkbnrvmeh3g0gtou2.apps.googleusercontent.com], azp=979738379904-osklkodlgslb91bvkbnrvmeh3g0gtou2.apps.googleusercontent.com, name=netavo reikalas, exp=2024-06-01T08:48:42Z, family_name=reikalas, iat=2024-06-01T07:48:42Z, email=sukkairen8mylios@gmail.com}], Method: MemberService.getMemberByEmail(..), Time: 2024-06-01T10:49:53.811471200, Action: Completed
2024-06-01 10:49:53 - Servlet.service() for servlet [dispatcherServlet] in context with path [] threw exception [Request processing failed: java.util.concurrent.CompletionException: java.lang.NullPointerException: Cannot invoke "org.springframework.security.core.Authentication.getPrincipal()" because the return value of "org.springframework.security.core.context.SecurityContext.getAuthentication()" is null] with root cause
java.lang.NullPointerException: Cannot invoke "org.springframework.security.core.Authentication.getPrincipal()" because the return value of "org.springframework.security.core.context.SecurityContext.getAuthentication()" is null
	at com.example.fitimiti.aspects.LoggingAspect.getUsername(LoggingAspect.java:40)
	at com.example.fitimiti.aspects.LoggingAspect.logBeforeMethodExecution(LoggingAspect.java:23)
	at java.base/jdk.internal.reflect.NativeMethodAccessorImpl.invoke0(Native Method)
	at java.base/jdk.internal.reflect.NativeMethodAccessorImpl.invoke(NativeMethodAccessorImpl.java:77)
	at java.base/jdk.internal.reflect.DelegatingMethodAccessorImpl.invoke(DelegatingMethodAccessorImpl.java:43)
	at java.base/java.lang.reflect.Method.invoke(Method.java:568)
	at org.springframework.aop.aspectj.AbstractAspectJAdvice.invokeAdviceMethodWithGivenArgs(AbstractAspectJAdvice.java:637)
	at org.springframework.aop.aspectj.AbstractAspectJAdvice.invokeAdviceMethod(AbstractAspectJAdvice.java:620)
	at org.springframework.aop.aspectj.AspectJMethodBeforeAdvice.before(AspectJMethodBeforeAdvice.java:44)
	at org.springframework.aop.framework.adapter.MethodBeforeAdviceInterceptor.invoke(MethodBeforeAdviceInterceptor.java:57)
	at org.springframework.aop.framework.ReflectiveMethodInvocation.proceed(ReflectiveMethodInvocation.java:184)
	at org.springframework.aop.framework.CglibAopProxy$CglibMethodInvocation.proceed(CglibAopProxy.java:768)
	at org.springframework.aop.interceptor.ExposeInvocationInterceptor.invoke(ExposeInvocationInterceptor.java:97)
	at org.springframework.aop.framework.ReflectiveMethodInvocation.proceed(ReflectiveMethodInvocation.java:184)
	at org.springframework.aop.framework.CglibAopProxy$CglibMethodInvocation.proceed(CglibAopProxy.java:768)
	at org.springframework.aop.interceptor.AsyncExecutionInterceptor.lambda$invoke$0(AsyncExecutionInterceptor.java:113)
	at org.springframework.util.concurrent.FutureUtils.lambda$toSupplier$0(FutureUtils.java:74)
	at java.base/java.util.concurrent.CompletableFuture$AsyncSupply.run(CompletableFuture.java:1768)
	at java.base/java.util.concurrent.ThreadPoolExecutor.runWorker(ThreadPoolExecutor.java:1136)
	at java.base/java.util.concurrent.ThreadPoolExecutor$Worker.run(ThreadPoolExecutor.java:635)
	at java.base/java.lang.Thread.run(Thread.java:842)
2024-06-01 10:53:13 - Closing JPA EntityManagerFactory for persistence unit 'default'
2024-06-01 10:53:13 - HikariPool-1 - Shutdown initiated...
2024-06-01 10:53:13 - HikariPool-1 - Shutdown completed.
2024-06-01 10:53:19 - Starting FitiMitiApplication using Java 17.0.11 with PID 17344 (C:\Main Files\Programming\PSK labs\GroupTask\target\classes started by BigDaddy in C:\Main Files\Programming\PSK labs\GroupTask)
2024-06-01 10:53:19 - No active profile set, falling back to 1 default profile: "default"
2024-06-01 10:53:20 - Multiple Spring Data modules found, entering strict repository configuration mode
2024-06-01 10:53:20 - Bootstrapping Spring Data JDBC repositories in DEFAULT mode.
2024-06-01 10:53:20 - Spring Data JDBC - Could not safely identify store assignment for repository candidate interface com.example.fitimiti.repositories.BodyWeightRepository; If you want this repository to be a JDBC repository, consider annotating your entities with one of these annotations: org.springframework.data.relational.core.mapping.Table.
2024-06-01 10:53:20 - Spring Data JDBC - Could not safely identify store assignment for repository candidate interface com.example.fitimiti.repositories.ExerciseRepository; If you want this repository to be a JDBC repository, consider annotating your entities with one of these annotations: org.springframework.data.relational.core.mapping.Table.
2024-06-01 10:53:20 - Spring Data JDBC - Could not safely identify store assignment for repository candidate interface com.example.fitimiti.repositories.MemberRepository; If you want this repository to be a JDBC repository, consider annotating your entities with one of these annotations: org.springframework.data.relational.core.mapping.Table.
2024-06-01 10:53:20 - Spring Data JDBC - Could not safely identify store assignment for repository candidate interface com.example.fitimiti.repositories.WorkoutExerciseRepository; If you want this repository to be a JDBC repository, consider annotating your entities with one of these annotations: org.springframework.data.relational.core.mapping.Table.
2024-06-01 10:53:20 - Spring Data JDBC - Could not safely identify store assignment for repository candidate interface com.example.fitimiti.repositories.WorkoutExerciseSetRepository; If you want this repository to be a JDBC repository, consider annotating your entities with one of these annotations: org.springframework.data.relational.core.mapping.Table.
2024-06-01 10:53:20 - Spring Data JDBC - Could not safely identify store assignment for repository candidate interface com.example.fitimiti.repositories.WorkoutRepository; If you want this repository to be a JDBC repository, consider annotating your entities with one of these annotations: org.springframework.data.relational.core.mapping.Table.
2024-06-01 10:53:20 - Finished Spring Data repository scanning in 58 ms. Found 0 JDBC repository interfaces.
2024-06-01 10:53:20 - Multiple Spring Data modules found, entering strict repository configuration mode
2024-06-01 10:53:20 - Bootstrapping Spring Data JPA repositories in DEFAULT mode.
2024-06-01 10:53:20 - Finished Spring Data repository scanning in 48 ms. Found 6 JPA repository interfaces.
2024-06-01 10:53:21 - Tomcat initialized with port 8080 (http)
2024-06-01 10:53:21 - Initializing ProtocolHandler ["http-nio-8080"]
2024-06-01 10:53:21 - Starting service [Tomcat]
2024-06-01 10:53:21 - Starting Servlet engine: [Apache Tomcat/10.1.20]
2024-06-01 10:53:21 - Initializing Spring embedded WebApplicationContext
2024-06-01 10:53:21 - Root WebApplicationContext: initialization completed in 2182 ms
2024-06-01 10:53:21 - HikariPool-1 - Starting...
2024-06-01 10:53:22 - HikariPool-1 - Added connection conn1: url=jdbc:h2:file:~/h2database/fitimitiDB user=SA
2024-06-01 10:53:22 - HikariPool-1 - Start completed.
2024-06-01 10:53:22 - H2 console available at '/h2-console'. Database available at 'jdbc:h2:file:~/h2database/fitimitiDB'
2024-06-01 10:53:22 - HHH000204: Processing PersistenceUnitInfo [name: default]
2024-06-01 10:53:22 - HHH000412: Hibernate ORM core version 6.4.4.Final
2024-06-01 10:53:22 - HHH000026: Second-level cache disabled
2024-06-01 10:53:23 - No LoadTimeWeaver setup: ignoring JPA class transformer
2024-06-01 10:53:23 - HHH90000025: H2Dialect does not need to be specified explicitly using 'hibernate.dialect' (remove the property setting and it will be selected by default)
2024-06-01 10:53:24 - HHH000489: No JTA platform available (set 'hibernate.transaction.jta.platform' to enable JTA platform integration)
2024-06-01 10:53:24 - Initialized JPA EntityManagerFactory for persistence unit 'default'
2024-06-01 10:53:25 - spring.jpa.open-in-view is enabled by default. Therefore, database queries may be performed during view rendering. Explicitly configure spring.jpa.open-in-view to disable this warning
2024-06-01 10:53:25 - Adding welcome page: class path resource [static/index.html]
2024-06-01 10:53:26 - Will secure any request with [org.springframework.security.web.session.DisableEncodeUrlFilter@63e54c66, org.springframework.security.web.context.request.async.WebAsyncManagerIntegrationFilter@5246453e, org.springframework.security.web.context.SecurityContextHolderFilter@137a9d69, org.springframework.security.web.header.HeaderWriterFilter@20a434a8, org.springframework.web.filter.CorsFilter@299f9a81, org.springframework.security.web.csrf.CsrfFilter@2e549515, org.springframework.security.web.authentication.logout.LogoutFilter@100d5018, org.springframework.security.oauth2.client.web.OAuth2AuthorizationRequestRedirectFilter@307eb95f, org.springframework.security.oauth2.client.web.OAuth2LoginAuthenticationFilter@69eb1f23, org.springframework.security.web.authentication.ui.DefaultLoginPageGeneratingFilter@3dceec83, org.springframework.security.web.authentication.ui.DefaultLogoutPageGeneratingFilter@4b19ee18, org.springframework.security.web.savedrequest.RequestCacheAwareFilter@73a5cc47, org.springframework.security.web.servletapi.SecurityContextHolderAwareRequestFilter@17fa25f1, org.springframework.security.web.authentication.AnonymousAuthenticationFilter@2561d61, org.springframework.security.web.access.ExceptionTranslationFilter@2553fbd0, org.springframework.security.web.access.intercept.AuthorizationFilter@77d7d2d0]
2024-06-01 10:53:26 - Starting ProtocolHandler ["http-nio-8080"]
2024-06-01 10:53:26 - Tomcat started on port 8080 (http) with context path ''
2024-06-01 10:53:26 - Started FitiMitiApplication in 8.005 seconds (process running for 9.03)
2024-06-01 10:56:15 - Initializing Spring DispatcherServlet 'dispatcherServlet'
2024-06-01 10:56:15 - Initializing Servlet 'dispatcherServlet'
2024-06-01 10:56:15 - Completed initialization in 2 ms
2024-06-01 11:16:38 - HikariPool-1 - Thread starvation or clock leap detected (housekeeper delta=9m45s494ms812µs800ns).
2024-06-01 11:25:21 - Closing JPA EntityManagerFactory for persistence unit 'default'
2024-06-01 11:25:21 - HikariPool-1 - Shutdown initiated...
2024-06-01 11:25:21 - HikariPool-1 - Shutdown completed.
