2024-05-27 22:39:28 - Starting FitiMitiApplication using Java 17.0.11 with PID 10404 (C:\Main Files\Programming\PSK labs\GroupTask\target\classes started by BigDaddy in C:\Main Files\Programming\PSK labs\GroupTask)
2024-05-27 22:39:28 - No active profile set, falling back to 1 default profile: "default"
2024-05-27 22:39:29 - Multiple Spring Data modules found, entering strict repository configuration mode
2024-05-27 22:39:29 - Bootstrapping Spring Data JDBC repositories in DEFAULT mode.
2024-05-27 22:39:29 - Spring Data JDBC - Could not safely identify store assignment for repository candidate interface com.example.fitimiti.repositories.BodyWeightRepository; If you want this repository to be a JDBC repository, consider annotating your entities with one of these annotations: org.springframework.data.relational.core.mapping.Table.
2024-05-27 22:39:29 - Spring Data JDBC - Could not safely identify store assignment for repository candidate interface com.example.fitimiti.repositories.ExerciseRepository; If you want this repository to be a JDBC repository, consider annotating your entities with one of these annotations: org.springframework.data.relational.core.mapping.Table.
2024-05-27 22:39:29 - Spring Data JDBC - Could not safely identify store assignment for repository candidate interface com.example.fitimiti.repositories.MemberRepository; If you want this repository to be a JDBC repository, consider annotating your entities with one of these annotations: org.springframework.data.relational.core.mapping.Table.
2024-05-27 22:39:29 - Spring Data JDBC - Could not safely identify store assignment for repository candidate interface com.example.fitimiti.repositories.WorkoutExerciseRepository; If you want this repository to be a JDBC repository, consider annotating your entities with one of these annotations: org.springframework.data.relational.core.mapping.Table.
2024-05-27 22:39:29 - Spring Data JDBC - Could not safely identify store assignment for repository candidate interface com.example.fitimiti.repositories.WorkoutExerciseSetRepository; If you want this repository to be a JDBC repository, consider annotating your entities with one of these annotations: org.springframework.data.relational.core.mapping.Table.
2024-05-27 22:39:29 - Spring Data JDBC - Could not safely identify store assignment for repository candidate interface com.example.fitimiti.repositories.WorkoutRepository; If you want this repository to be a JDBC repository, consider annotating your entities with one of these annotations: org.springframework.data.relational.core.mapping.Table.
2024-05-27 22:39:29 - Finished Spring Data repository scanning in 35 ms. Found 0 JDBC repository interfaces.
2024-05-27 22:39:29 - Multiple Spring Data modules found, entering strict repository configuration mode
2024-05-27 22:39:29 - Bootstrapping Spring Data JPA repositories in DEFAULT mode.
2024-05-27 22:39:29 - Finished Spring Data repository scanning in 22 ms. Found 6 JPA repository interfaces.
2024-05-27 22:39:29 - Tomcat initialized with port 8080 (http)
2024-05-27 22:39:29 - Initializing ProtocolHandler ["http-nio-8080"]
2024-05-27 22:39:29 - Starting service [Tomcat]
2024-05-27 22:39:29 - Starting Servlet engine: [Apache Tomcat/10.1.20]
2024-05-27 22:39:29 - Initializing Spring embedded WebApplicationContext
2024-05-27 22:39:29 - Root WebApplicationContext: initialization completed in 1355 ms
2024-05-27 22:39:29 - HikariPool-1 - Starting...
2024-05-27 22:39:30 - HikariPool-1 - Added connection conn1: url=jdbc:h2:file:~/h2database/fitimitiDB user=SA
2024-05-27 22:39:30 - HikariPool-1 - Start completed.
2024-05-27 22:39:30 - H2 console available at '/h2-console'. Database available at 'jdbc:h2:file:~/h2database/fitimitiDB'
2024-05-27 22:39:30 - HHH000204: Processing PersistenceUnitInfo [name: default]
2024-05-27 22:39:30 - HHH000412: Hibernate ORM core version 6.4.4.Final
2024-05-27 22:39:30 - HHH000026: Second-level cache disabled
2024-05-27 22:39:30 - No LoadTimeWeaver setup: ignoring JPA class transformer
2024-05-27 22:39:30 - HHH90000025: H2Dialect does not need to be specified explicitly using 'hibernate.dialect' (remove the property setting and it will be selected by default)
2024-05-27 22:39:31 - HHH000489: No JTA platform available (set 'hibernate.transaction.jta.platform' to enable JTA platform integration)
2024-05-27 22:39:31 - Initialized JPA EntityManagerFactory for persistence unit 'default'
2024-05-27 22:39:32 - spring.jpa.open-in-view is enabled by default. Therefore, database queries may be performed during view rendering. Explicitly configure spring.jpa.open-in-view to disable this warning
2024-05-27 22:39:32 - Adding welcome page: class path resource [static/index.html]
2024-05-27 22:39:32 - Will secure any request with [org.springframework.security.web.session.DisableEncodeUrlFilter@1027cdcd, org.springframework.security.web.context.request.async.WebAsyncManagerIntegrationFilter@37e0614e, org.springframework.security.web.context.SecurityContextHolderFilter@197c3101, org.springframework.security.web.header.HeaderWriterFilter@11ce61d1, org.springframework.web.filter.CorsFilter@75707f05, org.springframework.security.web.csrf.CsrfFilter@7ca0aa55, org.springframework.security.web.authentication.logout.LogoutFilter@1b079e81, org.springframework.security.oauth2.client.web.OAuth2AuthorizationRequestRedirectFilter@88fe9a8, org.springframework.security.oauth2.client.web.OAuth2LoginAuthenticationFilter@6f45a2fd, org.springframework.security.web.authentication.ui.DefaultLoginPageGeneratingFilter@5a097a83, org.springframework.security.web.authentication.ui.DefaultLogoutPageGeneratingFilter@741f8cf, org.springframework.security.web.savedrequest.RequestCacheAwareFilter@4d65fbad, org.springframework.security.web.servletapi.SecurityContextHolderAwareRequestFilter@55fc6344, org.springframework.security.web.authentication.AnonymousAuthenticationFilter@2926144f, org.springframework.security.web.access.ExceptionTranslationFilter@bedebe9, org.springframework.security.web.access.intercept.AuthorizationFilter@52bcd7c9]
2024-05-27 22:39:32 - Starting ProtocolHandler ["http-nio-8080"]
2024-05-27 22:39:32 - Tomcat started on port 8080 (http) with context path ''
2024-05-27 22:39:32 - Started FitiMitiApplication in 4.812 seconds (process running for 5.41)
2024-05-27 22:39:49 - Initializing Spring DispatcherServlet 'dispatcherServlet'
2024-05-27 22:39:49 - Initializing Servlet 'dispatcherServlet'
2024-05-27 22:39:49 - Completed initialization in 1 ms
2024-05-27 22:39:56 - User: Name: [109705015176206177869], Granted Authorities: [[OIDC_USER, SCOPE_https://www.googleapis.com/auth/userinfo.email, SCOPE_https://www.googleapis.com/auth/userinfo.profile, SCOPE_openid]], User Attributes: [{at_hash=Svz4bMVY9mBD0UVRUPUrPg, sub=109705015176206177869, email_verified=true, iss=https://accounts.google.com, given_name=netavo, nonce=hTHekr9NFJesw2y41mvNCHFzj8KR_IENUehiJZK5yx4, picture=https://lh3.googleusercontent.com/a/ACg8ocKM2dpd7U-NLKk_Hx6gnO4IvwuPfIwoZkXprznW_12OYmp_zA=s96-c, aud=[979738379904-osklkodlgslb91bvkbnrvmeh3g0gtou2.apps.googleusercontent.com], azp=979738379904-osklkodlgslb91bvkbnrvmeh3g0gtou2.apps.googleusercontent.com, name=netavo reikalas, exp=2024-05-27T20:39:56Z, family_name=reikalas, iat=2024-05-27T19:39:56Z, email=sukkairen8mylios@gmail.com}], Method: MemberService.getMemberByEmail(..), Time: 2024-05-27T22:39:56.735759300, Action: Executing
2024-05-27 22:39:56 - User: Name: [109705015176206177869], Granted Authorities: [[OIDC_USER, SCOPE_https://www.googleapis.com/auth/userinfo.email, SCOPE_https://www.googleapis.com/auth/userinfo.profile, SCOPE_openid]], User Attributes: [{at_hash=Svz4bMVY9mBD0UVRUPUrPg, sub=109705015176206177869, email_verified=true, iss=https://accounts.google.com, given_name=netavo, nonce=hTHekr9NFJesw2y41mvNCHFzj8KR_IENUehiJZK5yx4, picture=https://lh3.googleusercontent.com/a/ACg8ocKM2dpd7U-NLKk_Hx6gnO4IvwuPfIwoZkXprznW_12OYmp_zA=s96-c, aud=[979738379904-osklkodlgslb91bvkbnrvmeh3g0gtou2.apps.googleusercontent.com], azp=979738379904-osklkodlgslb91bvkbnrvmeh3g0gtou2.apps.googleusercontent.com, name=netavo reikalas, exp=2024-05-27T20:39:56Z, family_name=reikalas, iat=2024-05-27T19:39:56Z, email=sukkairen8mylios@gmail.com}], Method: MemberService.getMemberByEmail(..), Time: 2024-05-27T22:39:56.845319800, Action: Completed
2024-05-27 22:39:56 - User: Name: [109705015176206177869], Granted Authorities: [[OIDC_USER, SCOPE_https://www.googleapis.com/auth/userinfo.email, SCOPE_https://www.googleapis.com/auth/userinfo.profile, SCOPE_openid]], User Attributes: [{at_hash=Svz4bMVY9mBD0UVRUPUrPg, sub=109705015176206177869, email_verified=true, iss=https://accounts.google.com, given_name=netavo, nonce=hTHekr9NFJesw2y41mvNCHFzj8KR_IENUehiJZK5yx4, picture=https://lh3.googleusercontent.com/a/ACg8ocKM2dpd7U-NLKk_Hx6gnO4IvwuPfIwoZkXprznW_12OYmp_zA=s96-c, aud=[979738379904-osklkodlgslb91bvkbnrvmeh3g0gtou2.apps.googleusercontent.com], azp=979738379904-osklkodlgslb91bvkbnrvmeh3g0gtou2.apps.googleusercontent.com, name=netavo reikalas, exp=2024-05-27T20:39:56Z, family_name=reikalas, iat=2024-05-27T19:39:56Z, email=sukkairen8mylios@gmail.com}], Method: BodyWeightService.getBodyWeightByMemberId(..), Time: 2024-05-27T22:39:56.846320100, Action: Executing
2024-05-27 22:39:56 - User: Name: [109705015176206177869], Granted Authorities: [[OIDC_USER, SCOPE_https://www.googleapis.com/auth/userinfo.email, SCOPE_https://www.googleapis.com/auth/userinfo.profile, SCOPE_openid]], User Attributes: [{at_hash=Svz4bMVY9mBD0UVRUPUrPg, sub=109705015176206177869, email_verified=true, iss=https://accounts.google.com, given_name=netavo, nonce=hTHekr9NFJesw2y41mvNCHFzj8KR_IENUehiJZK5yx4, picture=https://lh3.googleusercontent.com/a/ACg8ocKM2dpd7U-NLKk_Hx6gnO4IvwuPfIwoZkXprznW_12OYmp_zA=s96-c, aud=[979738379904-osklkodlgslb91bvkbnrvmeh3g0gtou2.apps.googleusercontent.com], azp=979738379904-osklkodlgslb91bvkbnrvmeh3g0gtou2.apps.googleusercontent.com, name=netavo reikalas, exp=2024-05-27T20:39:56Z, family_name=reikalas, iat=2024-05-27T19:39:56Z, email=sukkairen8mylios@gmail.com}], Method: BodyWeightService.getBodyWeightByMemberId(..), Time: 2024-05-27T22:39:56.855257200, Action: Completed
2024-05-27 22:39:57 - User: Name: [109705015176206177869], Granted Authorities: [[OIDC_USER, SCOPE_https://www.googleapis.com/auth/userinfo.email, SCOPE_https://www.googleapis.com/auth/userinfo.profile, SCOPE_openid]], User Attributes: [{at_hash=Svz4bMVY9mBD0UVRUPUrPg, sub=109705015176206177869, email_verified=true, iss=https://accounts.google.com, given_name=netavo, nonce=hTHekr9NFJesw2y41mvNCHFzj8KR_IENUehiJZK5yx4, picture=https://lh3.googleusercontent.com/a/ACg8ocKM2dpd7U-NLKk_Hx6gnO4IvwuPfIwoZkXprznW_12OYmp_zA=s96-c, aud=[979738379904-osklkodlgslb91bvkbnrvmeh3g0gtou2.apps.googleusercontent.com], azp=979738379904-osklkodlgslb91bvkbnrvmeh3g0gtou2.apps.googleusercontent.com, name=netavo reikalas, exp=2024-05-27T20:39:56Z, family_name=reikalas, iat=2024-05-27T19:39:56Z, email=sukkairen8mylios@gmail.com}], Method: MemberService.getMemberByEmail(..), Time: 2024-05-27T22:39:57.258985900, Action: Executing
2024-05-27 22:39:57 - User: Name: [109705015176206177869], Granted Authorities: [[OIDC_USER, SCOPE_https://www.googleapis.com/auth/userinfo.email, SCOPE_https://www.googleapis.com/auth/userinfo.profile, SCOPE_openid]], User Attributes: [{at_hash=Svz4bMVY9mBD0UVRUPUrPg, sub=109705015176206177869, email_verified=true, iss=https://accounts.google.com, given_name=netavo, nonce=hTHekr9NFJesw2y41mvNCHFzj8KR_IENUehiJZK5yx4, picture=https://lh3.googleusercontent.com/a/ACg8ocKM2dpd7U-NLKk_Hx6gnO4IvwuPfIwoZkXprznW_12OYmp_zA=s96-c, aud=[979738379904-osklkodlgslb91bvkbnrvmeh3g0gtou2.apps.googleusercontent.com], azp=979738379904-osklkodlgslb91bvkbnrvmeh3g0gtou2.apps.googleusercontent.com, name=netavo reikalas, exp=2024-05-27T20:39:56Z, family_name=reikalas, iat=2024-05-27T19:39:56Z, email=sukkairen8mylios@gmail.com}], Method: MemberService.getMemberByEmail(..), Time: 2024-05-27T22:39:57.260986400, Action: Completed
2024-05-27 22:39:57 - Servlet.service() for servlet [dispatcherServlet] in context with path [] threw exception [Request processing failed: java.util.concurrent.CompletionException: java.lang.NullPointerException: Cannot invoke "org.springframework.security.core.Authentication.getPrincipal()" because the return value of "org.springframework.security.core.context.SecurityContext.getAuthentication()" is null] with root cause
java.lang.NullPointerException: Cannot invoke "org.springframework.security.core.Authentication.getPrincipal()" because the return value of "org.springframework.security.core.context.SecurityContext.getAuthentication()" is null
	at com.example.fitimiti.aspects.LoggingAspect.getUsername(LoggingAspect.java:40)
	at com.example.fitimiti.aspects.LoggingAspect.logBeforeMethodExecution(LoggingAspect.java:23)
	at java.base/jdk.internal.reflect.NativeMethodAccessorImpl.invoke0(Native Method)
	at java.base/jdk.internal.reflect.NativeMethodAccessorImpl.invoke(NativeMethodAccessorImpl.java:77)
	at java.base/jdk.internal.reflect.DelegatingMethodAccessorImpl.invoke(DelegatingMethodAccessorImpl.java:43)
	at java.base/java.lang.reflect.Method.invoke(Method.java:568)
	at org.springframework.aop.aspectj.AbstractAspectJAdvice.invokeAdviceMethodWithGivenArgs(AbstractAspectJAdvice.java:637)
	at org.springframework.aop.aspectj.AbstractAspectJAdvice.invokeAdviceMethod(AbstractAspectJAdvice.java:620)
	at org.springframework.aop.aspectj.AspectJMethodBeforeAdvice.before(AspectJMethodBeforeAdvice.java:44)
	at org.springframework.aop.framework.adapter.MethodBeforeAdviceInterceptor.invoke(MethodBeforeAdviceInterceptor.java:57)
	at org.springframework.aop.framework.ReflectiveMethodInvocation.proceed(ReflectiveMethodInvocation.java:184)
	at org.springframework.aop.framework.CglibAopProxy$CglibMethodInvocation.proceed(CglibAopProxy.java:768)
	at org.springframework.aop.interceptor.ExposeInvocationInterceptor.invoke(ExposeInvocationInterceptor.java:97)
	at org.springframework.aop.framework.ReflectiveMethodInvocation.proceed(ReflectiveMethodInvocation.java:184)
	at org.springframework.aop.framework.CglibAopProxy$CglibMethodInvocation.proceed(CglibAopProxy.java:768)
	at org.springframework.aop.interceptor.AsyncExecutionInterceptor.lambda$invoke$0(AsyncExecutionInterceptor.java:113)
	at org.springframework.util.concurrent.FutureUtils.lambda$toSupplier$0(FutureUtils.java:74)
	at java.base/java.util.concurrent.CompletableFuture$AsyncSupply.run(CompletableFuture.java:1768)
	at java.base/java.util.concurrent.ThreadPoolExecutor.runWorker(ThreadPoolExecutor.java:1136)
	at java.base/java.util.concurrent.ThreadPoolExecutor$Worker.run(ThreadPoolExecutor.java:635)
	at java.base/java.lang.Thread.run(Thread.java:842)
2024-05-27 22:44:26 - Closing JPA EntityManagerFactory for persistence unit 'default'
2024-05-27 22:44:26 - HikariPool-1 - Shutdown initiated...
2024-05-27 22:44:26 - HikariPool-1 - Shutdown completed.
